<?xml version="1.0" encoding="UTF-8"?>
<testsuite xmlns:xsi="http://www.w3.org/2001/XMLSchema-instance" xsi:noNamespaceSchemaLocation="https://maven.apache.org/surefire/maven-failsafe-plugin/xsd/failsafe-test-report.xsd" version="3.0.2" name="com.vaultstream.customer.infrastructure.rest.CustomerControllerIT" time="2.348" tests="4" errors="0" skipped="0" failures="1">
  <properties>
[...]
</properties>
  <testcase name="shouldGetCustomer" classname="com.vaultstream.customer.infrastructure.rest.CustomerControllerIT" time="0.807">
    <system-out><![CDATA[18:21:37 DEBUG [co.va.cu.in.re.CorrelationIdFilter] Generated new correlation ID: d8e00f5c-be38-43b3-b8af-957d1e36b955
18:21:38 INFO  [co.va.cu.in.re.CustomerController] POST /api/v1/customers - Creating customer: jane.it.h2@example.com
18:21:38 INFO  [co.va.cu.ap.us.CustomerUseCase] Creating customer with email: jane.it.h2@example.com
18:21:38 DEBUG [co.va.cu.ap.se.CustomerNumberGenerator] Generated customer number: CUST-20260121-00001
18:21:38 INFO  [co.va.cu.ap.us.CustomerUseCase] Customer created with ID: 9a81652b-2206-4551-8ae8-f962e8de5fd9 and number: CUST-20260121-00001
18:21:38 INFO  [co.va.cu.ap.se.CustomerMetrics] Customer metrics initialized
18:21:38 DEBUG [co.va.cu.ap.se.CustomerMetrics] Customer created counter incremented
18:21:38 DEBUG [co.va.cu.in.me.CustomerEventProducer] ? Handling domain event after transaction success: CustomerCreatedEvent
18:21:38 DEBUG [co.va.cu.in.me.CustomerEventProducer] ? Event published: CustomerCreatedEvent -> Key: 9a81652b-2206-4551-8ae8-f962e8de5fd9
18:21:38 DEBUG [co.va.cu.in.re.CorrelationIdFilter] Generated new correlation ID: 8bdc59dc-e3a4-4727-94c7-4f12687a462f
18:21:38 DEBUG [co.va.cu.in.re.CustomerController] GET /api/v1/customers/9a81652b-2206-4551-8ae8-f962e8de5fd9
18:21:38 WARN  [io.qu.ca.re.ru.RedisCacheImpl] Unable to connect to Redis, recomputing cached value: io.netty.channel.AbstractChannel$AnnotatedConnectException: Connection refused: getsockopt: localhost/127.0.0.1:16379
Caused by: java.net.ConnectException: Connection refused: getsockopt
	at java.base/sun.nio.ch.Net.pollConnect(Native Method)
	at java.base/sun.nio.ch.Net.pollConnectNow(Net.java:682)
	at java.base/sun.nio.ch.SocketChannelImpl.finishConnect(SocketChannelImpl.java:973)
	at io.netty.channel.socket.nio.NioSocketChannel.doFinishConnect(NioSocketChannel.java:336)
	at io.netty.channel.nio.AbstractNioChannel$AbstractNioUnsafe.finishConnect(AbstractNioChannel.java:339)
	at io.netty.channel.nio.NioEventLoop.processSelectedKey(NioEventLoop.java:776)
	at io.netty.channel.nio.NioEventLoop.processSelectedKeysOptimized(NioEventLoop.java:724)
	at io.netty.channel.nio.NioEventLoop.processSelectedKeys(NioEventLoop.java:650)
	at io.netty.channel.nio.NioEventLoop.run(NioEventLoop.java:562)
	at io.netty.util.concurrent.SingleThreadEventExecutor$4.run(SingleThreadEventExecutor.java:997)
	at io.netty.util.internal.ThreadExecutorMap$2.run(ThreadExecutorMap.java:74)
	at io.netty.util.concurrent.FastThreadLocalRunnable.run(FastThreadLocalRunnable.java:30)
	at java.base/java.lang.Thread.run(Thread.java:1583)

]]></system-out>
  </testcase>
  <testcase name="shouldValidateDuplicateEmail" classname="com.vaultstream.customer.infrastructure.rest.CustomerControllerIT" time="0.286">
    <system-out><![CDATA[18:21:38 DEBUG [co.va.cu.in.re.CorrelationIdFilter] Generated new correlation ID: 804d9d81-5502-46e1-a619-fd57c4423a64
18:21:38 INFO  [co.va.cu.in.re.CustomerController] POST /api/v1/customers - Creating customer: dupe.h2@example.com
18:21:38 INFO  [co.va.cu.ap.us.CustomerUseCase] Creating customer with email: dupe.h2@example.com
18:21:38 DEBUG [co.va.cu.ap.se.CustomerNumberGenerator] Generated customer number: CUST-20260121-00002
18:21:38 INFO  [co.va.cu.ap.us.CustomerUseCase] Customer created with ID: 867168ee-8f23-4f48-a3a2-cb09feb5a5cf and number: CUST-20260121-00002
18:21:38 DEBUG [co.va.cu.ap.se.CustomerMetrics] Customer created counter incremented
18:21:38 DEBUG [co.va.cu.in.me.CustomerEventProducer] ? Handling domain event after transaction success: CustomerCreatedEvent
18:21:38 DEBUG [co.va.cu.in.me.CustomerEventProducer] ? Event published: CustomerCreatedEvent -> Key: 867168ee-8f23-4f48-a3a2-cb09feb5a5cf
18:21:38 DEBUG [co.va.cu.in.re.CorrelationIdFilter] Generated new correlation ID: 63c09849-bc76-40be-8219-8083ae878f5d
18:21:38 INFO  [co.va.cu.in.re.CustomerController] POST /api/v1/customers - Creating customer: dupe.h2@example.com
18:21:38 INFO  [co.va.cu.ap.us.CustomerUseCase] Creating customer with email: dupe.h2@example.com
18:21:38 ERROR [co.va.cu.in.re.GlobalExceptionHandler] Exception caught [correlationId=63c09849-bc76-40be-8219-8083ae878f5d]: A customer with this email already exists: dupe.h2@example.com: com.vaultstream.common.exception.BusinessRuleViolationException: A customer with this email already exists: dupe.h2@example.com
	at com.vaultstream.customer.application.usecase.CustomerUseCase.createCustomer(CustomerUseCase.java:69)
	at com.vaultstream.customer.application.usecase.CustomerUseCase_Subclass.createCustomer$$superforward(Unknown Source)
	at com.vaultstream.customer.application.usecase.CustomerUseCase_Subclass$$function$$2.apply(Unknown Source)
	at io.quarkus.arc.impl.AroundInvokeInvocationContext.proceed(AroundInvokeInvocationContext.java:73)
	at io.quarkus.arc.impl.AroundInvokeInvocationContext.proceed(AroundInvokeInvocationContext.java:62)
	at io.quarkus.narayana.jta.runtime.interceptor.TransactionalInterceptorBase.invokeInOurTx(TransactionalInterceptorBase.java:136)
	at io.quarkus.narayana.jta.runtime.interceptor.TransactionalInterceptorBase.invokeInOurTx(TransactionalInterceptorBase.java:107)
	at io.quarkus.narayana.jta.runtime.interceptor.TransactionalInterceptorRequired.doIntercept(TransactionalInterceptorRequired.java:38)
	at io.quarkus.narayana.jta.runtime.interceptor.TransactionalInterceptorBase.intercept(TransactionalInterceptorBase.java:61)
	at io.quarkus.narayana.jta.runtime.interceptor.TransactionalInterceptorRequired.intercept(TransactionalInterceptorRequired.java:32)
	at io.quarkus.narayana.jta.runtime.interceptor.TransactionalInterceptorRequired_Bean.intercept(Unknown Source)
	at io.quarkus.arc.impl.InterceptorInvocation.invoke(InterceptorInvocation.java:42)
	at io.quarkus.arc.impl.AroundInvokeInvocationContext.perform(AroundInvokeInvocationContext.java:30)
	at io.quarkus.arc.impl.InvocationContexts.performAroundInvoke(InvocationContexts.java:27)
	at com.vaultstream.customer.application.usecase.CustomerUseCase_Subclass.createCustomer(Unknown Source)
	at com.vaultstream.customer.application.usecase.CustomerUseCase_ClientProxy.createCustomer(Unknown Source)
	at com.vaultstream.customer.infrastructure.rest.CustomerController.createCustomer(CustomerController.java:58)
	at com.vaultstream.customer.infrastructure.rest.CustomerController_Subclass.createCustomer$$superforward(Unknown Source)
	at com.vaultstream.customer.infrastructure.rest.CustomerController_Subclass$$function$$1.apply(Unknown Source)
	at io.quarkus.arc.impl.AroundInvokeInvocationContext.proceed(AroundInvokeInvocationContext.java:73)
	at io.quarkus.arc.impl.AroundInvokeInvocationContext.proceed(AroundInvokeInvocationContext.java:62)
	at io.quarkus.hibernate.validator.runtime.interceptor.AbstractMethodValidationInterceptor.validateMethodInvocation(AbstractMethodValidationInterceptor.java:71)
	at io.quarkus.hibernate.validator.runtime.jaxrs.ResteasyReactiveEndPointValidationInterceptor.validateMethodInvocation(ResteasyReactiveEndPointValidationInterceptor.java:21)
	at io.quarkus.hibernate.validator.runtime.jaxrs.ResteasyReactiveEndPointValidationInterceptor_Bean.intercept(Unknown Source)
	at io.quarkus.arc.impl.InterceptorInvocation.invoke(InterceptorInvocation.java:42)
	at io.quarkus.arc.impl.AroundInvokeInvocationContext.perform(AroundInvokeInvocationContext.java:30)
	at io.quarkus.arc.impl.InvocationContexts.performAroundInvoke(InvocationContexts.java:27)
	at com.vaultstream.customer.infrastructure.rest.CustomerController_Subclass.createCustomer(Unknown Source)
	at com.vaultstream.customer.infrastructure.rest.CustomerController$quarkusrestinvoker$createCustomer_df8293ef5ad9170c924bd2e67d81e45ccadf8bc2.invoke(Unknown Source)
	at org.jboss.resteasy.reactive.server.handlers.InvocationHandler.handle(InvocationHandler.java:29)
	at io.quarkus.resteasy.reactive.server.runtime.QuarkusResteasyReactiveRequestContext.invokeHandler(QuarkusResteasyReactiveRequestContext.java:141)
	at org.jboss.resteasy.reactive.common.core.AbstractResteasyReactiveContext.run(AbstractResteasyReactiveContext.java:147)
	at io.quarkus.vertx.core.runtime.VertxCoreRecorder$15.runWith(VertxCoreRecorder.java:637)
	at org.jboss.threads.EnhancedQueueExecutor$Task.doRunWith(EnhancedQueueExecutor.java:2675)
	at org.jboss.threads.EnhancedQueueExecutor$Task.run(EnhancedQueueExecutor.java:2654)
	at org.jboss.threads.EnhancedQueueExecutor.runThreadBody(EnhancedQueueExecutor.java:1627)
	at org.jboss.threads.EnhancedQueueExecutor$ThreadBody.run(EnhancedQueueExecutor.java:1594)
	at org.jboss.threads.DelegatingRunnable.run(DelegatingRunnable.java:11)
	at org.jboss.threads.ThreadLocalResettingRunnable.run(ThreadLocalResettingRunnable.java:11)
	at io.netty.util.concurrent.FastThreadLocalRunnable.run(FastThreadLocalRunnable.java:30)
	at java.base/java.lang.Thread.run(Thread.java:1583)

]]></system-out>
  </testcase>
  <testcase name="shouldActivateCustomer" classname="com.vaultstream.customer.infrastructure.rest.CustomerControllerIT" time="0.165">
    <failure message="1 expectation failed.&#10;Expected status code &lt;200&gt; but was &lt;500&gt;.&#10;" type="java.lang.AssertionError"><![CDATA[java.lang.AssertionError: 
1 expectation failed.
Expected status code <200> but was <500>.

	at java.base/jdk.internal.reflect.DirectConstructorHandleAccessor.newInstance(DirectConstructorHandleAccessor.java:62)
	at java.base/java.lang.reflect.Constructor.newInstanceWithCaller(Constructor.java:502)
	at java.base/java.lang.reflect.Constructor.newInstance(Constructor.java:486)
	at org.codehaus.groovy.reflection.CachedConstructor.invoke(CachedConstructor.java:73)
	at org.codehaus.groovy.runtime.callsite.ConstructorSite$ConstructorSiteNoUnwrapNoCoerce.callConstructor(ConstructorSite.java:108)
	at org.codehaus.groovy.runtime.callsite.CallSiteArray.defaultCallConstructor(CallSiteArray.java:57)
	at org.codehaus.groovy.runtime.callsite.AbstractCallSite.callConstructor(AbstractCallSite.java:263)
	at org.codehaus.groovy.runtime.callsite.AbstractCallSite.callConstructor(AbstractCallSite.java:277)
	at io.restassured.internal.ResponseSpecificationImpl$HamcrestAssertionClosure.validate(ResponseSpecificationImpl.groovy:512)
	at io.restassured.internal.ResponseSpecificationImpl$HamcrestAssertionClosure$validate$1.call(Unknown Source)
	at io.restassured.internal.ResponseSpecificationImpl.validateResponseIfRequired(ResponseSpecificationImpl.groovy:696)
	at io.restassured.internal.ResponseSpecificationImpl.this$2$validateResponseIfRequired(ResponseSpecificationImpl.groovy)
	at java.base/jdk.internal.reflect.DirectMethodHandleAccessor.invoke(DirectMethodHandleAccessor.java:103)
	at java.base/java.lang.reflect.Method.invoke(Method.java:580)
	at org.codehaus.groovy.runtime.callsite.PlainObjectMetaMethodSite.doInvoke(PlainObjectMetaMethodSite.java:43)
	at org.codehaus.groovy.runtime.callsite.PogoMetaMethodSite$PogoCachedMethodSiteNoUnwrapNoCoerce.invoke(PogoMetaMethodSite.java:198)
	at org.codehaus.groovy.runtime.callsite.PogoMetaMethodSite.callCurrent(PogoMetaMethodSite.java:62)
	at org.codehaus.groovy.runtime.callsite.AbstractCallSite.callCurrent(AbstractCallSite.java:185)
	at io.restassured.internal.ResponseSpecificationImpl.statusCode(ResponseSpecificationImpl.groovy:135)
	at io.restassured.specification.ResponseSpecification$statusCode$0.callCurrent(Unknown Source)
	at io.restassured.internal.ResponseSpecificationImpl.statusCode(ResponseSpecificationImpl.groovy:143)
	at io.restassured.internal.ValidatableResponseOptionsImpl.statusCode(ValidatableResponseOptionsImpl.java:89)
	at com.vaultstream.customer.infrastructure.rest.CustomerControllerIT.shouldActivateCustomer(CustomerControllerIT.java:180)
	at java.base/java.lang.reflect.Method.invoke(Method.java:580)
	at io.quarkus.test.junit.QuarkusTestExtension.runExtensionMethod(QuarkusTestExtension.java:967)
	at io.quarkus.test.junit.QuarkusTestExtension.interceptTestMethod(QuarkusTestExtension.java:817)
	at java.base/java.util.ArrayList.forEach(ArrayList.java:1596)
	at java.base/java.util.ArrayList.forEach(ArrayList.java:1596)
	Suppressed: java.util.concurrent.CompletionException: io.netty.channel.AbstractChannel$AnnotatedConnectException: Connection refused: getsockopt: localhost/127.0.0.1:16379
		at io.smallrye.mutiny.operators.uni.UniBlockingAwait.await(UniBlockingAwait.java:79)
		at io.smallrye.mutiny.groups.UniAwait.atMost(UniAwait.java:65)
		at io.smallrye.mutiny.groups.UniAwait.indefinitely(UniAwait.java:46)
		at io.quarkus.cache.runtime.CacheInvalidateInterceptor.invalidateBlocking(CacheInvalidateInterceptor.java:73)
		at io.quarkus.cache.runtime.CacheInvalidateInterceptor.intercept(CacheInvalidateInterceptor.java:38)
		at io.quarkus.cache.runtime.CacheInvalidateInterceptor_Bean.intercept(Unknown Source)
		at io.quarkus.arc.impl.InterceptorInvocation.invoke(InterceptorInvocation.java:42)
		at io.quarkus.arc.impl.AroundInvokeInvocationContext.perform(AroundInvokeInvocationContext.java:30)
		at io.quarkus.arc.impl.InvocationContexts.performAroundInvoke(InvocationContexts.java:27)
		at com.vaultstream.customer.application.usecase.CustomerUseCase_Subclass.activateCustomer(Unknown Source)
		at com.vaultstream.customer.application.usecase.CustomerUseCase_ClientProxy.activateCustomer(Unknown Source)
		at com.vaultstream.customer.infrastructure.rest.CustomerController.activateCustomer(CustomerController.java:98)
		at com.vaultstream.customer.infrastructure.rest.CustomerController$quarkusrestinvoker$activateCustomer_c893f893e0062cc4de3682eb79b7c51f397d0090.invoke(Unknown Source)
		at org.jboss.resteasy.reactive.server.handlers.InvocationHandler.handle(InvocationHandler.java:29)
		at io.quarkus.resteasy.reactive.server.runtime.QuarkusResteasyReactiveRequestContext.invokeHandler(QuarkusResteasyReactiveRequestContext.java:141)
		at org.jboss.resteasy.reactive.common.core.AbstractResteasyReactiveContext.run(AbstractResteasyReactiveContext.java:147)
		at io.quarkus.vertx.core.runtime.VertxCoreRecorder$15.runWith(VertxCoreRecorder.java:637)
		at org.jboss.threads.EnhancedQueueExecutor$Task.doRunWith(EnhancedQueueExecutor.java:2675)
		at org.jboss.threads.EnhancedQueueExecutor$Task.run(EnhancedQueueExecutor.java:2654)
		at org.jboss.threads.EnhancedQueueExecutor.runThreadBody(EnhancedQueueExecutor.java:1627)
		at org.jboss.threads.EnhancedQueueExecutor$ThreadBody.run(EnhancedQueueExecutor.java:1594)
		at org.jboss.threads.DelegatingRunnable.run(DelegatingRunnable.java:11)
		at org.jboss.threads.ThreadLocalResettingRunnable.run(ThreadLocalResettingRunnable.java:11)
		at io.netty.util.concurrent.FastThreadLocalRunnable.run(FastThreadLocalRunnable.java:30)
		at java.base/java.lang.Thread.run(Thread.java:1583)
	Caused by: io.netty.channel.AbstractChannel$AnnotatedConnectException: Connection refused: getsockopt: localhost/127.0.0.1:16379
	Caused by: java.net.ConnectException: Connection refused: getsockopt
		at java.base/sun.nio.ch.Net.pollConnect(Native Method)
		at java.base/sun.nio.ch.Net.pollConnectNow(Net.java:682)
		at java.base/sun.nio.ch.SocketChannelImpl.finishConnect(SocketChannelImpl.java:973)
		at io.netty.channel.socket.nio.NioSocketChannel.doFinishConnect(NioSocketChannel.java:336)
		at io.netty.channel.nio.AbstractNioChannel$AbstractNioUnsafe.finishConnect(AbstractNioChannel.java:339)
		at io.netty.channel.nio.NioEventLoop.processSelectedKey(NioEventLoop.java:776)
		at io.netty.channel.nio.NioEventLoop.processSelectedKeysOptimized(NioEventLoop.java:724)
		at io.netty.channel.nio.NioEventLoop.processSelectedKeys(NioEventLoop.java:650)
		at io.netty.channel.nio.NioEventLoop.run(NioEventLoop.java:562)
		at io.netty.util.concurrent.SingleThreadEventExecutor$4.run(SingleThreadEventExecutor.java:997)
		at io.netty.util.internal.ThreadExecutorMap$2.run(ThreadExecutorMap.java:74)
		at io.netty.util.concurrent.FastThreadLocalRunnable.run(FastThreadLocalRunnable.java:30)
		at java.base/java.lang.Thread.run(Thread.java:1583)
	Suppressed: [CIRCULAR REFERENCE: java.util.concurrent.CompletionException: io.netty.channel.AbstractChannel$AnnotatedConnectException: Connection refused: getsockopt: localhost/127.0.0.1:16379]
]]></failure>
    <system-out><![CDATA[18:21:38 DEBUG [co.va.cu.in.re.CorrelationIdFilter] Generated new correlation ID: ef870f47-6ae9-4071-b311-5b8f8c10bee5
18:21:38 INFO  [co.va.cu.in.re.CustomerController] POST /api/v1/customers - Creating customer: status.it.h2@example.com
18:21:38 INFO  [co.va.cu.ap.us.CustomerUseCase] Creating customer with email: status.it.h2@example.com
18:21:38 DEBUG [co.va.cu.ap.se.CustomerNumberGenerator] Generated customer number: CUST-20260121-00003
18:21:38 INFO  [co.va.cu.ap.us.CustomerUseCase] Customer created with ID: 9c298cae-2011-4130-a506-55900bde7625 and number: CUST-20260121-00003
18:21:38 DEBUG [co.va.cu.ap.se.CustomerMetrics] Customer created counter incremented
18:21:38 DEBUG [co.va.cu.in.me.CustomerEventProducer] ? Handling domain event after transaction success: CustomerCreatedEvent
18:21:38 DEBUG [co.va.cu.in.me.CustomerEventProducer] ? Event published: CustomerCreatedEvent -> Key: 9c298cae-2011-4130-a506-55900bde7625
18:21:38 DEBUG [co.va.cu.in.re.CorrelationIdFilter] Generated new correlation ID: 414e08c1-850b-4d18-8104-a19ace0130a3
18:21:38 INFO  [co.va.cu.in.re.CustomerController] POST /api/v1/customers/9c298cae-2011-4130-a506-55900bde7625/activate
18:21:38 ERROR [co.va.cu.in.re.GlobalExceptionHandler] Exception caught [correlationId=414e08c1-850b-4d18-8104-a19ace0130a3]: io.netty.channel.AbstractChannel$AnnotatedConnectException: Connection refused: getsockopt: localhost/127.0.0.1:16379: java.util.concurrent.CompletionException: io.netty.channel.AbstractChannel$AnnotatedConnectException: Connection refused: getsockopt: localhost/127.0.0.1:16379
	at io.smallrye.mutiny.operators.uni.UniBlockingAwait.await(UniBlockingAwait.java:79)
	at io.smallrye.mutiny.groups.UniAwait.atMost(UniAwait.java:65)
	at io.smallrye.mutiny.groups.UniAwait.indefinitely(UniAwait.java:46)
	at io.quarkus.cache.runtime.CacheInvalidateInterceptor.invalidateBlocking(CacheInvalidateInterceptor.java:73)
	at io.quarkus.cache.runtime.CacheInvalidateInterceptor.intercept(CacheInvalidateInterceptor.java:38)
	at io.quarkus.cache.runtime.CacheInvalidateInterceptor_Bean.intercept(Unknown Source)
	at io.quarkus.arc.impl.InterceptorInvocation.invoke(InterceptorInvocation.java:42)
	at io.quarkus.arc.impl.AroundInvokeInvocationContext.perform(AroundInvokeInvocationContext.java:30)
	at io.quarkus.arc.impl.InvocationContexts.performAroundInvoke(InvocationContexts.java:27)
	at com.vaultstream.customer.application.usecase.CustomerUseCase_Subclass.activateCustomer(Unknown Source)
	at com.vaultstream.customer.application.usecase.CustomerUseCase_ClientProxy.activateCustomer(Unknown Source)
	at com.vaultstream.customer.infrastructure.rest.CustomerController.activateCustomer(CustomerController.java:98)
	at com.vaultstream.customer.infrastructure.rest.CustomerController$quarkusrestinvoker$activateCustomer_c893f893e0062cc4de3682eb79b7c51f397d0090.invoke(Unknown Source)
	at org.jboss.resteasy.reactive.server.handlers.InvocationHandler.handle(InvocationHandler.java:29)
	at io.quarkus.resteasy.reactive.server.runtime.QuarkusResteasyReactiveRequestContext.invokeHandler(QuarkusResteasyReactiveRequestContext.java:141)
	at org.jboss.resteasy.reactive.common.core.AbstractResteasyReactiveContext.run(AbstractResteasyReactiveContext.java:147)
	at io.quarkus.vertx.core.runtime.VertxCoreRecorder$15.runWith(VertxCoreRecorder.java:637)
	at org.jboss.threads.EnhancedQueueExecutor$Task.doRunWith(EnhancedQueueExecutor.java:2675)
	at org.jboss.threads.EnhancedQueueExecutor$Task.run(EnhancedQueueExecutor.java:2654)
	at org.jboss.threads.EnhancedQueueExecutor.runThreadBody(EnhancedQueueExecutor.java:1627)
	at org.jboss.threads.EnhancedQueueExecutor$ThreadBody.run(EnhancedQueueExecutor.java:1594)
	at org.jboss.threads.DelegatingRunnable.run(DelegatingRunnable.java:11)
	at org.jboss.threads.ThreadLocalResettingRunnable.run(ThreadLocalResettingRunnable.java:11)
	at io.netty.util.concurrent.FastThreadLocalRunnable.run(FastThreadLocalRunnable.java:30)
	at java.base/java.lang.Thread.run(Thread.java:1583)
Caused by: io.netty.channel.AbstractChannel$AnnotatedConnectException: Connection refused: getsockopt: localhost/127.0.0.1:16379
Caused by: java.net.ConnectException: Connection refused: getsockopt
	at java.base/sun.nio.ch.Net.pollConnect(Native Method)
	at java.base/sun.nio.ch.Net.pollConnectNow(Net.java:682)
	at java.base/sun.nio.ch.SocketChannelImpl.finishConnect(SocketChannelImpl.java:973)
	at io.netty.channel.socket.nio.NioSocketChannel.doFinishConnect(NioSocketChannel.java:336)
	at io.netty.channel.nio.AbstractNioChannel$AbstractNioUnsafe.finishConnect(AbstractNioChannel.java:339)
	at io.netty.channel.nio.NioEventLoop.processSelectedKey(NioEventLoop.java:776)
	at io.netty.channel.nio.NioEventLoop.processSelectedKeysOptimized(NioEventLoop.java:724)
	at io.netty.channel.nio.NioEventLoop.processSelectedKeys(NioEventLoop.java:650)
	at io.netty.channel.nio.NioEventLoop.run(NioEventLoop.java:562)
	at io.netty.util.concurrent.SingleThreadEventExecutor$4.run(SingleThreadEventExecutor.java:997)
	at io.netty.util.internal.ThreadExecutorMap$2.run(ThreadExecutorMap.java:74)
	at io.netty.util.concurrent.FastThreadLocalRunnable.run(FastThreadLocalRunnable.java:30)
	at java.base/java.lang.Thread.run(Thread.java:1583)

18:21:38 ERROR [co.va.cu.in.re.GlobalExceptionHandler] Unhandled exception [correlationId=414e08c1-850b-4d18-8104-a19ace0130a3]: java.util.concurrent.CompletionException: io.netty.channel.AbstractChannel$AnnotatedConnectException: Connection refused: getsockopt: localhost/127.0.0.1:16379
	at io.smallrye.mutiny.operators.uni.UniBlockingAwait.await(UniBlockingAwait.java:79)
	at io.smallrye.mutiny.groups.UniAwait.atMost(UniAwait.java:65)
	at io.smallrye.mutiny.groups.UniAwait.indefinitely(UniAwait.java:46)
	at io.quarkus.cache.runtime.CacheInvalidateInterceptor.invalidateBlocking(CacheInvalidateInterceptor.java:73)
	at io.quarkus.cache.runtime.CacheInvalidateInterceptor.intercept(CacheInvalidateInterceptor.java:38)
	at io.quarkus.cache.runtime.CacheInvalidateInterceptor_Bean.intercept(Unknown Source)
	at io.quarkus.arc.impl.InterceptorInvocation.invoke(InterceptorInvocation.java:42)
	at io.quarkus.arc.impl.AroundInvokeInvocationContext.perform(AroundInvokeInvocationContext.java:30)
	at io.quarkus.arc.impl.InvocationContexts.performAroundInvoke(InvocationContexts.java:27)
	at com.vaultstream.customer.application.usecase.CustomerUseCase_Subclass.activateCustomer(Unknown Source)
	at com.vaultstream.customer.application.usecase.CustomerUseCase_ClientProxy.activateCustomer(Unknown Source)
	at com.vaultstream.customer.infrastructure.rest.CustomerController.activateCustomer(CustomerController.java:98)
	at com.vaultstream.customer.infrastructure.rest.CustomerController$quarkusrestinvoker$activateCustomer_c893f893e0062cc4de3682eb79b7c51f397d0090.invoke(Unknown Source)
	at org.jboss.resteasy.reactive.server.handlers.InvocationHandler.handle(InvocationHandler.java:29)
	at io.quarkus.resteasy.reactive.server.runtime.QuarkusResteasyReactiveRequestContext.invokeHandler(QuarkusResteasyReactiveRequestContext.java:141)
	at org.jboss.resteasy.reactive.common.core.AbstractResteasyReactiveContext.run(AbstractResteasyReactiveContext.java:147)
	at io.quarkus.vertx.core.runtime.VertxCoreRecorder$15.runWith(VertxCoreRecorder.java:637)
	at org.jboss.threads.EnhancedQueueExecutor$Task.doRunWith(EnhancedQueueExecutor.java:2675)
	at org.jboss.threads.EnhancedQueueExecutor$Task.run(EnhancedQueueExecutor.java:2654)
	at org.jboss.threads.EnhancedQueueExecutor.runThreadBody(EnhancedQueueExecutor.java:1627)
	at org.jboss.threads.EnhancedQueueExecutor$ThreadBody.run(EnhancedQueueExecutor.java:1594)
	at org.jboss.threads.DelegatingRunnable.run(DelegatingRunnable.java:11)
	at org.jboss.threads.ThreadLocalResettingRunnable.run(ThreadLocalResettingRunnable.java:11)
	at io.netty.util.concurrent.FastThreadLocalRunnable.run(FastThreadLocalRunnable.java:30)
	at java.base/java.lang.Thread.run(Thread.java:1583)
Caused by: io.netty.channel.AbstractChannel$AnnotatedConnectException: Connection refused: getsockopt: localhost/127.0.0.1:16379
Caused by: java.net.ConnectException: Connection refused: getsockopt
	at java.base/sun.nio.ch.Net.pollConnect(Native Method)
	at java.base/sun.nio.ch.Net.pollConnectNow(Net.java:682)
	at java.base/sun.nio.ch.SocketChannelImpl.finishConnect(SocketChannelImpl.java:973)
	at io.netty.channel.socket.nio.NioSocketChannel.doFinishConnect(NioSocketChannel.java:336)
	at io.netty.channel.nio.AbstractNioChannel$AbstractNioUnsafe.finishConnect(AbstractNioChannel.java:339)
	at io.netty.channel.nio.NioEventLoop.processSelectedKey(NioEventLoop.java:776)
	at io.netty.channel.nio.NioEventLoop.processSelectedKeysOptimized(NioEventLoop.java:724)
	at io.netty.channel.nio.NioEventLoop.processSelectedKeys(NioEventLoop.java:650)
	at io.netty.channel.nio.NioEventLoop.run(NioEventLoop.java:562)
	at io.netty.util.concurrent.SingleThreadEventExecutor$4.run(SingleThreadEventExecutor.java:997)
	at io.netty.util.internal.ThreadExecutorMap$2.run(ThreadExecutorMap.java:74)
	at io.netty.util.concurrent.FastThreadLocalRunnable.run(FastThreadLocalRunnable.java:30)
	at java.base/java.lang.Thread.run(Thread.java:1583)

]]></system-out>
  </testcase>
  <testcase name="shouldCreateCustomer" classname="com.vaultstream.customer.infrastructure.rest.CustomerControllerIT" time="0.299">
    <system-out><![CDATA[18:21:38 DEBUG [co.va.cu.in.re.CorrelationIdFilter] Generated new correlation ID: fdc1f2f0-7913-4eac-ba7a-c2a0317c624c
18:21:38 INFO  [co.va.cu.in.re.CustomerController] POST /api/v1/customers - Creating customer: john.it.h2@example.com
18:21:38 INFO  [co.va.cu.ap.us.CustomerUseCase] Creating customer with email: john.it.h2@example.com
18:21:38 DEBUG [co.va.cu.ap.se.CustomerNumberGenerator] Generated customer number: CUST-20260121-00004
18:21:38 INFO  [co.va.cu.ap.us.CustomerUseCase] Customer created with ID: f2cc25a0-b60a-43c1-bfc5-9da08b81ae76 and number: CUST-20260121-00004
18:21:38 DEBUG [co.va.cu.ap.se.CustomerMetrics] Customer created counter incremented
18:21:38 DEBUG [co.va.cu.in.me.CustomerEventProducer] ? Handling domain event after transaction success: CustomerCreatedEvent
18:21:38 DEBUG [co.va.cu.in.me.CustomerEventProducer] ? Event published: CustomerCreatedEvent -> Key: f2cc25a0-b60a-43c1-bfc5-9da08b81ae76
]]></system-out>
  </testcase>
</testsuite>